
./include/check_download.sh: line 8: pushd: /mnt/hgfs/share/github/oneinstack-odm/src: No such file or directory
Download tmux for CentOS...
--2016-12-30 09:26:07--  http://mirrors.linuxeye.com/oneinstack/src/libevent-2.0.22-stable.tar.gz
Resolving mirrors.linuxeye.com (mirrors.linuxeye.com)... 122.114.36.190
Connecting to mirrors.linuxeye.com (mirrors.linuxeye.com)|122.114.36.190|:80... connected.
HTTP request sent, awaiting response... 200 OK
Length: 854987 (835K) [application/octet-stream]
Saving to: ‘libevent-2.0.22-stable.tar.gz’

     0K .......... .......... .......... .......... ..........  5%  445K 2s
    50K .......... .......... .......... .......... .......... 11% 1.32M 1s
   100K .......... .......... .......... .......... .......... 17% 12.0M 1s
   150K .......... .......... .......... .......... .......... 23% 11.7M 1s
   200K .......... .......... .......... .......... .......... 29% 1.52M 0s
   250K .......... .......... .......... .......... .......... 35% 11.3M 0s
   300K .......... .......... .......... .......... .......... 41% 11.7M 0s
   350K .......... .......... .......... .......... .......... 47% 11.1M 0s
   400K .......... .......... .......... .......... .......... 53% 2.18M 0s
   450K .......... .......... .......... .......... .......... 59% 12.0M 0s
   500K .......... .......... .......... .......... .......... 65% 11.3M 0s
   550K .......... .......... .......... .......... .......... 71% 11.3M 0s
   600K .......... .......... .......... .......... .......... 77% 10.3M 0s
   650K .......... .......... .......... .......... .......... 83% 1.17M 0s
   700K .......... .......... .......... .......... .......... 89% 14.3M 0s
   750K .......... .......... .......... .......... .......... 95% 1.41M 0s
   800K .......... .......... .......... ....                 100% 84.1M=0.3s

2016-12-30 09:26:07 (2.53 MB/s) - ‘libevent-2.0.22-stable.tar.gz’ saved [854987/854987]

--2016-12-30 09:26:08--  https://github.com/tmux/tmux/releases/download/2.2/tmux-2.2.tar.gz
Resolving github.com (github.com)... 192.30.253.113, 192.30.253.112
Connecting to github.com (github.com)|192.30.253.113|:443... failed: Connection timed out.
Connecting to github.com (github.com)|192.30.253.112|:443... connected.
HTTP request sent, awaiting response... 302 Found
Location: https://github-cloud.s3.amazonaws.com/releases/36836475/81ce7644-ff81-11e5-8840-4c3f8dfe9627.gz?X-Amz-Algorithm=AWS4-HMAC-SHA256&X-Amz-Credential=AKIAISTNZFOVBIJMK3TQ%2F20161230%2Fus-east-1%2Fs3%2Faws4_request&X-Amz-Date=20161230T012613Z&X-Amz-Expires=300&X-Amz-Signature=c06f5871d10c40818984590f3ad1479f22fa7b6516215344b75cea484b2abeb0&X-Amz-SignedHeaders=host&actor_id=0&response-content-disposition=attachment%3B%20filename%3Dtmux-2.2.tar.gz&response-content-type=application%2Foctet-stream [following]
--2016-12-30 09:26:16--  https://github-cloud.s3.amazonaws.com/releases/36836475/81ce7644-ff81-11e5-8840-4c3f8dfe9627.gz?X-Amz-Algorithm=AWS4-HMAC-SHA256&X-Amz-Credential=AKIAISTNZFOVBIJMK3TQ%2F20161230%2Fus-east-1%2Fs3%2Faws4_request&X-Amz-Date=20161230T012613Z&X-Amz-Expires=300&X-Amz-Signature=c06f5871d10c40818984590f3ad1479f22fa7b6516215344b75cea484b2abeb0&X-Amz-SignedHeaders=host&actor_id=0&response-content-disposition=attachment%3B%20filename%3Dtmux-2.2.tar.gz&response-content-type=application%2Foctet-stream
Resolving github-cloud.s3.amazonaws.com (github-cloud.s3.amazonaws.com)... 52.216.32.24
Connecting to github-cloud.s3.amazonaws.com (github-cloud.s3.amazonaws.com)|52.216.32.24|:443... connected.
HTTP request sent, awaiting response... 200 OK
Length: 466852 (456K) [application/octet-stream]
Saving to: ‘tmux-2.2.tar.gz’

     0K .......... .......... .......... .......... .......... 10% 16.5K 25s
    50K .......... .......... .......... .......... .......... 21% 21.9K 19s
   100K .......... .......... .......... .......... .......... 32% 22.0K 15s
   150K .......... .......... .......... .......... .......... 43% 18.0K 13s
   200K .......... .......... .......... .......... .......... 54% 22.0K 10s
   250K .......... .......... .......... .......... .......... 65% 18.0K 8s
   300K .......... .......... .......... .......... .......... 76% 15.3K 6s
   350K .......... .......... .......... .......... .......... 87% 11.2K 3s
   400K .......... .......... .......... .......... .......... 98% 22.1K 0s
   450K .....                                                 100% 11273G=25s

2016-12-30 09:26:43 (17.9 KB/s) - ‘tmux-2.2.tar.gz’ saved [466852/466852]

Download htop for CentOS...
--2016-12-30 09:26:44--  http://hisham.hm/htop/releases/2.0.2/htop-2.0.2.tar.gz
Resolving hisham.hm (hisham.hm)... 69.163.217.231
Connecting to hisham.hm (hisham.hm)|69.163.217.231|:80... connected.
HTTP request sent, awaiting response... 200 OK
Length: 476364 (465K) [application/x-tar]
Saving to: ‘htop-2.0.2.tar.gz’

     0K .......... .......... .......... .......... .......... 10% 27.1K 15s
    50K .......... .......... .......... .......... .......... 21% 32.3K 12s
   100K .......... .......... .......... .......... .......... 32% 40.3K 10s
   150K .......... .......... .......... .......... .......... 42% 33.3K 8s
   200K .......... .......... .......... .......... .......... 53% 20.6K 7s
   250K .......... .......... .......... .......... .......... 64% 33.0K 6s
   300K .......... .......... .......... .......... .........